<?xml version="1.0" encoding="UTF-8"?>
<!-- Generated by org.testng.reporters.JUnitXMLReporter -->
<testsuite ignored="3" hostname="DESKTOP-8OTT66F" failures="0" tests="1" name="Default test" time="0.041" errors="0" timestamp="2022-09-03T06:53:18 ICT">
  <testcase classname="matematika.MatematikaTest" name="penjumlahanTest" time="0.009"/>
  <testcase classname="matematika.MatematikaTest" name="pembagianTest" time="0.0">
    <ignored/>
  </testcase> <!-- pembagianTest -->
  <testcase classname="matematika.MatematikaTest" name="penguranganTest" time="0.0">
    <ignored/>
  </testcase> <!-- penguranganTest -->
  <testcase classname="matematika.MatematikaTest" name="modulusTest" time="0.0">
    <ignored/>
  </testcase> <!-- modulusTest -->
</testsuite> <!-- Default test -->
