<?xml version="1.0" encoding="UTF-8"?>
<!-- Generated by org.testng.reporters.JUnitXMLReporter -->
<testsuite ignored="0" hostname="DESKTOP-8OTT66F" failures="0" tests="4" name="Default test" time="0.061" errors="0" timestamp="2022-09-02T13:55:06 ICT">
  <testcase classname="matematika.MatematikaTest" name="modulusTest" time="0.007"/>
  <testcase classname="matematika.MatematikaTest" name="pembagianTest" time="0.001"/>
  <testcase classname="matematika.MatematikaTest" name="penguranganTest" time="0.001"/>
  <testcase classname="matematika.MatematikaTest" name="penjumlahanTest" time="0.001"/>
</testsuite> <!-- Default test -->
