<?xml version="1.0" encoding="UTF-8"?>
<testng-results ignored="0" total="4" passed="4" failed="0" skipped="0">
  <reporter-output>
  </reporter-output>
  <suite started-at="2022-09-02T13:55:06 ICT" name="Default suite" finished-at="2022-09-02T13:55:06 ICT" duration-ms="61">
    <groups>
    </groups>
    <test started-at="2022-09-02T13:55:06 ICT" name="Default test" finished-at="2022-09-02T13:55:06 ICT" duration-ms="61">
      <class name="matematika.MatematikaTest">
        <test-method is-config="true" signature="befTest()[pri:0, instance:matematika.MatematikaTest@3bf9ce3e]" started-at="2022-09-02T13:55:06 ICT" name="befTest" finished-at="2022-09-02T13:55:06 ICT" duration-ms="10" status="PASS">
          <reporter-output>
          </reporter-output>
        </test-method> <!-- befTest -->
        <test-method signature="modulusTest()[pri:0, instance:matematika.MatematikaTest@3bf9ce3e]" started-at="2022-09-02T13:55:06 ICT" name="modulusTest" finished-at="2022-09-02T13:55:06 ICT" duration-ms="7" status="PASS">
          <reporter-output>
          </reporter-output>
        </test-method> <!-- modulusTest -->
        <test-method signature="pembagianTest()[pri:0, instance:matematika.MatematikaTest@3bf9ce3e]" started-at="2022-09-02T13:55:06 ICT" name="pembagianTest" finished-at="2022-09-02T13:55:06 ICT" duration-ms="1" status="PASS">
          <reporter-output>
          </reporter-output>
        </test-method> <!-- pembagianTest -->
        <test-method signature="penguranganTest()[pri:0, instance:matematika.MatematikaTest@3bf9ce3e]" started-at="2022-09-02T13:55:06 ICT" name="penguranganTest" finished-at="2022-09-02T13:55:06 ICT" duration-ms="1" status="PASS">
          <reporter-output>
          </reporter-output>
        </test-method> <!-- penguranganTest -->
        <test-method signature="penjumlahanTest()[pri:0, instance:matematika.MatematikaTest@3bf9ce3e]" started-at="2022-09-02T13:55:06 ICT" name="penjumlahanTest" finished-at="2022-09-02T13:55:06 ICT" duration-ms="1" status="PASS">
          <reporter-output>
          </reporter-output>
        </test-method> <!-- penjumlahanTest -->
      </class> <!-- matematika.MatematikaTest -->
    </test> <!-- Default test -->
  </suite> <!-- Default suite -->
</testng-results>
