<?xml version="1.0" encoding="UTF-8"?>
<testng-results ignored="3" total="4" passed="1" failed="0" skipped="0">
  <reporter-output>
  </reporter-output>
  <suite started-at="2022-09-03T06:53:18 ICT" name="Default suite" finished-at="2022-09-03T06:53:18 ICT" duration-ms="41">
    <groups>
    </groups>
    <test started-at="2022-09-03T06:53:18 ICT" name="Default test" finished-at="2022-09-03T06:53:18 ICT" duration-ms="41">
      <class name="matematika.MatematikaTest">
        <test-method is-config="true" signature="befTest()[pri:0, instance:matematika.MatematikaTest@6631f5ca]" started-at="2022-09-03T06:53:18 ICT" name="befTest" finished-at="2022-09-03T06:53:18 ICT" duration-ms="7" status="PASS">
          <reporter-output>
          </reporter-output>
        </test-method> <!-- befTest -->
        <test-method signature="penjumlahanTest()[pri:0, instance:matematika.MatematikaTest@6631f5ca]" started-at="2022-09-03T06:53:18 ICT" name="penjumlahanTest" finished-at="2022-09-03T06:53:18 ICT" duration-ms="9" status="PASS">
          <reporter-output>
          </reporter-output>
        </test-method> <!-- penjumlahanTest -->
      </class> <!-- matematika.MatematikaTest -->
    </test> <!-- Default test -->
  </suite> <!-- Default suite -->
</testng-results>
